<?xml version="1.0" encoding="UTF-8"?>
<testsuite name="com.ynuCoding.www.web.IndexControllerTest" tests="1" skipped="0" failures="0" errors="0" timestamp="2021-05-17T08:51:33" hostname="Brido-MacBookPro.local" time="0.326">
  <properties/>
  <testcase name="loading_mainPage" classname="com.ynuCoding.www.web.IndexControllerTest" time="0.326"/>
  <system-out><![CDATA[2021-05-17 17:51:33.738  INFO 2786 --- [    Test worker] .b.t.c.SpringBootTestContextBootstrapper : Neither @ContextConfiguration nor @ContextHierarchy found for test class [com.ynuCoding.www.web.IndexControllerTest], using SpringBootContextLoader
2021-05-17 17:51:33.739  INFO 2786 --- [    Test worker] o.s.t.c.support.AbstractContextLoader    : Could not detect default resource locations for test class [com.ynuCoding.www.web.IndexControllerTest]: no resource found for suffixes {-context.xml, Context.groovy}.
2021-05-17 17:51:33.739  INFO 2786 --- [    Test worker] t.c.s.AnnotationConfigContextLoaderUtils : Could not detect default configuration classes for test class [com.ynuCoding.www.web.IndexControllerTest]: IndexControllerTest does not declare any static, non-private, non-final, nested classes annotated with @Configuration.
2021-05-17 17:51:33.742  INFO 2786 --- [    Test worker] .b.t.c.SpringBootTestContextBootstrapper : Found @SpringBootConfiguration com.ynuCoding.www.Application for test class com.ynuCoding.www.web.IndexControllerTest
2021-05-17 17:51:33.745  INFO 2786 --- [    Test worker] .b.t.c.SpringBootTestContextBootstrapper : Loaded default TestExecutionListener class names from location [META-INF/spring.factories]: [org.springframework.security.test.context.support.WithSecurityContextTestExecutionListener, org.springframework.security.test.context.support.ReactorContextTestExecutionListener, org.springframework.boot.test.autoconfigure.restdocs.RestDocsTestExecutionListener, org.springframework.boot.test.autoconfigure.web.client.MockRestServiceServerResetTestExecutionListener, org.springframework.boot.test.autoconfigure.web.servlet.MockMvcPrintOnlyOnFailureTestExecutionListener, org.springframework.boot.test.autoconfigure.web.servlet.WebDriverTestExecutionListener, org.springframework.boot.test.mock.mockito.MockitoTestExecutionListener, org.springframework.boot.test.mock.mockito.ResetMocksTestExecutionListener, org.springframework.test.context.web.ServletTestExecutionListener, org.springframework.test.context.support.DirtiesContextBeforeModesTestExecutionListener, org.springframework.test.context.support.DependencyInjectionTestExecutionListener, org.springframework.test.context.support.DirtiesContextTestExecutionListener, org.springframework.test.context.transaction.TransactionalTestExecutionListener, org.springframework.test.context.jdbc.SqlScriptsTestExecutionListener]
2021-05-17 17:51:33.746  INFO 2786 --- [    Test worker] .b.t.c.SpringBootTestContextBootstrapper : Using TestExecutionListeners: [org.springframework.test.context.web.ServletTestExecutionListener@794b4d93, org.springframework.test.context.support.DirtiesContextBeforeModesTestExecutionListener@5cebfc81, org.springframework.boot.test.mock.mockito.MockitoTestExecutionListener@79226b63, org.springframework.boot.test.autoconfigure.SpringBootDependencyInjectionTestExecutionListener@2e36e020, org.springframework.test.context.support.DirtiesContextTestExecutionListener@db207a0, org.springframework.test.context.transaction.TransactionalTestExecutionListener@e3efd63, org.springframework.test.context.jdbc.SqlScriptsTestExecutionListener@64ade6b4, org.springframework.security.test.context.support.WithSecurityContextTestExecutionListener@7d833de1, org.springframework.security.test.context.support.ReactorContextTestExecutionListener@6091baf6, org.springframework.boot.test.autoconfigure.restdocs.RestDocsTestExecutionListener@193d9662, org.springframework.boot.test.autoconfigure.web.client.MockRestServiceServerResetTestExecutionListener@12ae5bb7, org.springframework.boot.test.autoconfigure.web.servlet.MockMvcPrintOnlyOnFailureTestExecutionListener@76a61036, org.springframework.boot.test.autoconfigure.web.servlet.WebDriverTestExecutionListener@1b8d421e, org.springframework.boot.test.mock.mockito.ResetMocksTestExecutionListener@6e76598b]
2021-05-17 17:51:33.878  INFO 2786 --- [o-auto-1-exec-1] o.a.c.c.C.[Tomcat].[localhost].[/]       : Initializing Spring DispatcherServlet 'dispatcherServlet'
2021-05-17 17:51:33.880  INFO 2786 --- [o-auto-1-exec-1] o.s.web.servlet.DispatcherServlet        : Initializing Servlet 'dispatcherServlet'
2021-05-17 17:51:33.888  INFO 2786 --- [o-auto-1-exec-1] o.s.web.servlet.DispatcherServlet        : Completed initialization in 8 ms
Hibernate: select posts0_.id as id1_0_, posts0_.created_date as created_2_0_, posts0_.modified_date as modified3_0_, posts0_.author as author4_0_, posts0_.content as content5_0_, posts0_.title as title6_0_ from posts posts0_ order by posts0_.id DESC
]]></system-out>
  <system-err><![CDATA[]]></system-err>
</testsuite>
