<?xml version="1.0" encoding="UTF-8"?>
<testsuite name="com.ynuCoding.www.domain.posts.PostsRepositoryTest" tests="2" skipped="0" failures="0" errors="0" timestamp="2021-05-17T08:51:51" hostname="Brido-MacBookPro.local" time="0.085">
  <properties/>
  <testcase name="register_BaseTimeEntity" classname="com.ynuCoding.www.domain.posts.PostsRepositoryTest" time="0.064"/>
  <testcase name="get_savedPosts" classname="com.ynuCoding.www.domain.posts.PostsRepositoryTest" time="0.018"/>
  <system-out><![CDATA[2021-05-17 17:51:34.092  INFO 2786 --- [    Test worker] .b.t.c.SpringBootTestContextBootstrapper : Neither @ContextConfiguration nor @ContextHierarchy found for test class [com.ynuCoding.www.domain.posts.PostsRepositoryTest], using SpringBootContextLoader
2021-05-17 17:51:34.096  INFO 2786 --- [    Test worker] o.s.t.c.support.AbstractContextLoader    : Could not detect default resource locations for test class [com.ynuCoding.www.domain.posts.PostsRepositoryTest]: no resource found for suffixes {-context.xml, Context.groovy}.
2021-05-17 17:51:34.097  INFO 2786 --- [    Test worker] t.c.s.AnnotationConfigContextLoaderUtils : Could not detect default configuration classes for test class [com.ynuCoding.www.domain.posts.PostsRepositoryTest]: PostsRepositoryTest does not declare any static, non-private, non-final, nested classes annotated with @Configuration.
2021-05-17 17:51:34.133  INFO 2786 --- [    Test worker] .b.t.c.SpringBootTestContextBootstrapper : Found @SpringBootConfiguration com.ynuCoding.www.Application for test class com.ynuCoding.www.domain.posts.PostsRepositoryTest
2021-05-17 17:51:34.143  INFO 2786 --- [    Test worker] .b.t.c.SpringBootTestContextBootstrapper : Loaded default TestExecutionListener class names from location [META-INF/spring.factories]: [org.springframework.security.test.context.support.WithSecurityContextTestExecutionListener, org.springframework.security.test.context.support.ReactorContextTestExecutionListener, org.springframework.boot.test.autoconfigure.restdocs.RestDocsTestExecutionListener, org.springframework.boot.test.autoconfigure.web.client.MockRestServiceServerResetTestExecutionListener, org.springframework.boot.test.autoconfigure.web.servlet.MockMvcPrintOnlyOnFailureTestExecutionListener, org.springframework.boot.test.autoconfigure.web.servlet.WebDriverTestExecutionListener, org.springframework.boot.test.mock.mockito.MockitoTestExecutionListener, org.springframework.boot.test.mock.mockito.ResetMocksTestExecutionListener, org.springframework.test.context.web.ServletTestExecutionListener, org.springframework.test.context.support.DirtiesContextBeforeModesTestExecutionListener, org.springframework.test.context.support.DependencyInjectionTestExecutionListener, org.springframework.test.context.support.DirtiesContextTestExecutionListener, org.springframework.test.context.transaction.TransactionalTestExecutionListener, org.springframework.test.context.jdbc.SqlScriptsTestExecutionListener]
2021-05-17 17:51:34.144  INFO 2786 --- [    Test worker] .b.t.c.SpringBootTestContextBootstrapper : Using TestExecutionListeners: [org.springframework.test.context.web.ServletTestExecutionListener@22ba2cdb, org.springframework.test.context.support.DirtiesContextBeforeModesTestExecutionListener@720d74ca, org.springframework.boot.test.mock.mockito.MockitoTestExecutionListener@dfbe166, org.springframework.boot.test.autoconfigure.SpringBootDependencyInjectionTestExecutionListener@6d32fc82, org.springframework.test.context.support.DirtiesContextTestExecutionListener@1e9dd90b, org.springframework.test.context.transaction.TransactionalTestExecutionListener@72f5536, org.springframework.test.context.jdbc.SqlScriptsTestExecutionListener@558d7464, org.springframework.security.test.context.support.WithSecurityContextTestExecutionListener@2fa144bb, org.springframework.security.test.context.support.ReactorContextTestExecutionListener@5f0485c5, org.springframework.boot.test.autoconfigure.restdocs.RestDocsTestExecutionListener@22ffedf6, org.springframework.boot.test.autoconfigure.web.client.MockRestServiceServerResetTestExecutionListener@1cef9399, org.springframework.boot.test.autoconfigure.web.servlet.MockMvcPrintOnlyOnFailureTestExecutionListener@39ce8823, org.springframework.boot.test.autoconfigure.web.servlet.WebDriverTestExecutionListener@429f1872, org.springframework.boot.test.mock.mockito.ResetMocksTestExecutionListener@1fd2cd8a]

  .   ____          _            __ _ _
 /\\ / ___'_ __ _ _(_)_ __  __ _ \ \ \ \
( ( )\___ | '_ | '_| | '_ \/ _` | \ \ \ \
 \\/  ___)| |_)| | | | | || (_| |  ) ) ) )
  '  |____| .__|_| |_|_| |_\__, | / / / /
 =========|_|==============|___/=/_/_/_/
 :: Spring Boot ::        (v2.1.7.RELEASE)

2021-05-17 17:51:49.273  INFO 2786 --- [    Test worker] c.y.w.domain.posts.PostsRepositoryTest   : Starting PostsRepositoryTest on Brido-MacBookPro.local with PID 2786 (started by hongchangsub in /Users/hongchangsub/IdeaProjects/Bullitin_Board)
2021-05-17 17:51:49.280  INFO 2786 --- [    Test worker] c.y.w.domain.posts.PostsRepositoryTest   : The following profiles are active: oauth
2021-05-17 17:51:49.840  INFO 2786 --- [    Test worker] .s.d.r.c.RepositoryConfigurationDelegate : Bootstrapping Spring Data repositories in DEFAULT mode.
2021-05-17 17:51:49.889  INFO 2786 --- [    Test worker] .s.d.r.c.RepositoryConfigurationDelegate : Finished Spring Data repository scanning in 46ms. Found 2 repository interfaces.
2021-05-17 17:51:50.127  INFO 2786 --- [    Test worker] trationDelegate$BeanPostProcessorChecker : Bean 'org.springframework.transaction.annotation.ProxyTransactionManagementConfiguration' of type [org.springframework.transaction.annotation.ProxyTransactionManagementConfiguration$$EnhancerBySpringCGLIB$$475f0507] is not eligible for getting processed by all BeanPostProcessors (for example: not eligible for auto-proxying)
2021-05-17 17:51:50.224  INFO 2786 --- [    Test worker] com.zaxxer.hikari.HikariDataSource       : HikariPool-2 - Starting...
2021-05-17 17:51:50.229  INFO 2786 --- [    Test worker] com.zaxxer.hikari.HikariDataSource       : HikariPool-2 - Start completed.
2021-05-17 17:51:50.257  INFO 2786 --- [    Test worker] o.hibernate.jpa.internal.util.LogHelper  : HHH000204: Processing PersistenceUnitInfo [
	name: default
	...]
2021-05-17 17:51:50.289  INFO 2786 --- [    Test worker] org.hibernate.dialect.Dialect            : HHH000400: Using dialect: org.hibernate.dialect.MySQL5InnoDBDialect
Hibernate: drop table if exists posts
Hibernate: drop table if exists user
Hibernate: create table posts (id bigint not null auto_increment, created_date datetime, modified_date datetime, author varchar(255), content TEXT not null, title varchar(500) not null, primary key (id)) engine=InnoDB
Hibernate: create table user (id bigint not null auto_increment, created_date datetime, modified_date datetime, email varchar(255) not null, name varchar(255) not null, picture varchar(255), role varchar(255) not null, primary key (id)) engine=InnoDB
2021-05-17 17:51:50.383  INFO 2786 --- [    Test worker] o.h.t.schema.internal.SchemaCreatorImpl  : HHH000476: Executing import script 'org.hibernate.tool.schema.internal.exec.ScriptSourceInputNonExistentImpl@157867ac'
2021-05-17 17:51:50.383  INFO 2786 --- [    Test worker] j.LocalContainerEntityManagerFactoryBean : Initialized JPA EntityManagerFactory for persistence unit 'default'
2021-05-17 17:51:50.629  INFO 2786 --- [    Test worker] o.h.h.i.QueryTranslatorFactoryInitiator  : HHH000397: Using ASTQueryTranslatorFactory
2021-05-17 17:51:50.781  INFO 2786 --- [    Test worker] o.s.s.web.DefaultSecurityFilterChain     : Creating filter chain: any request, [org.springframework.security.web.context.request.async.WebAsyncManagerIntegrationFilter@172c1014, org.springframework.security.web.context.SecurityContextPersistenceFilter@61fab6b2, org.springframework.security.web.header.HeaderWriterFilter@2ebafc43, org.springframework.security.web.authentication.logout.LogoutFilter@366bf777, org.springframework.security.oauth2.client.web.OAuth2AuthorizationRequestRedirectFilter@4adbf199, org.springframework.security.oauth2.client.web.OAuth2LoginAuthenticationFilter@10d80593, org.springframework.security.web.authentication.ui.DefaultLoginPageGeneratingFilter@2108ea1, org.springframework.security.web.authentication.ui.DefaultLogoutPageGeneratingFilter@524ccbea, org.springframework.security.web.savedrequest.RequestCacheAwareFilter@38f4eb4f, org.springframework.security.web.servletapi.SecurityContextHolderAwareRequestFilter@415540f6, org.springframework.security.web.authentication.AnonymousAuthenticationFilter@470eaf03, org.springframework.security.web.session.SessionManagementFilter@7ec7a83d, org.springframework.security.web.access.ExceptionTranslationFilter@54e1b6d4, org.springframework.security.web.access.intercept.FilterSecurityInterceptor@7306d477]
2021-05-17 17:51:51.112  INFO 2786 --- [    Test worker] o.s.s.concurrent.ThreadPoolTaskExecutor  : Initializing ExecutorService 'applicationTaskExecutor'
2021-05-17 17:51:51.122  WARN 2786 --- [    Test worker] aWebConfiguration$JpaWebMvcConfiguration : spring.jpa.open-in-view is enabled by default. Therefore, database queries may be performed during view rendering. Explicitly configure spring.jpa.open-in-view to disable this warning
2021-05-17 17:51:51.172  INFO 2786 --- [    Test worker] o.s.b.a.w.s.WelcomePageHandlerMapping    : Adding welcome page template: index
2021-05-17 17:51:51.503  INFO 2786 --- [    Test worker] s.a.ScheduledAnnotationBeanPostProcessor : No TaskScheduler/ScheduledExecutorService bean found for scheduled processing
2021-05-17 17:51:51.505  INFO 2786 --- [    Test worker] c.y.w.domain.posts.PostsRepositoryTest   : Started PostsRepositoryTest in 17.352 seconds (JVM running for 44.021)
Hibernate: insert into posts (created_date, modified_date, author, content, title) values (?, ?, ?, ?, ?)
Hibernate: select posts0_.id as id1_0_, posts0_.created_date as created_2_0_, posts0_.modified_date as modified3_0_, posts0_.author as author4_0_, posts0_.content as content5_0_, posts0_.title as title6_0_ from posts posts0_
>>>>>>>>> createDate=2021-05-17T17:51:51.559, modifiedDate=2021-05-17T17:51:51.559
Hibernate: select posts0_.id as id1_0_, posts0_.created_date as created_2_0_, posts0_.modified_date as modified3_0_, posts0_.author as author4_0_, posts0_.content as content5_0_, posts0_.title as title6_0_ from posts posts0_
Hibernate: delete from posts where id=?
Hibernate: insert into posts (created_date, modified_date, author, content, title) values (?, ?, ?, ?, ?)
Hibernate: select posts0_.id as id1_0_, posts0_.created_date as created_2_0_, posts0_.modified_date as modified3_0_, posts0_.author as author4_0_, posts0_.content as content5_0_, posts0_.title as title6_0_ from posts posts0_
Hibernate: select posts0_.id as id1_0_, posts0_.created_date as created_2_0_, posts0_.modified_date as modified3_0_, posts0_.author as author4_0_, posts0_.content as content5_0_, posts0_.title as title6_0_ from posts posts0_
Hibernate: delete from posts where id=?
]]></system-out>
  <system-err><![CDATA[]]></system-err>
</testsuite>
